<?xml version="1.0" encoding="UTF-8"?>
<testsuite xmlns:xsi="http://www.w3.org/2001/XMLSchema-instance" xsi:noNamespaceSchemaLocation="https://maven.apache.org/surefire/maven-surefire-plugin/xsd/surefire-test-report.xsd" name="aula_karate.pokemon.pkRunner" time="9.407" tests="6" errors="0" skipped="0" failures="2">
  <properties>
    <property name="sun.desktop" value="windows"/>
    <property name="awt.toolkit" value="sun.awt.windows.WToolkit"/>
    <property name="file.encoding.pkg" value="sun.io"/>
    <property name="java.specification.version" value="1.8"/>
    <property name="sun.cpu.isalist" value="amd64"/>
    <property name="sun.jnu.encoding" value="Cp1252"/>
    <property name="java.class.path" value="C:\Users\spide\VsCode\S206\S206-L1\aula_inatel\target\test-classes;C:\Users\spide\VsCode\S206\S206-L1\aula_inatel\target\classes;C:\Users\spide\.m2\repository\com\intuit\karate\karate-junit5\1.0.1\karate-junit5-1.0.1.jar;C:\Users\spide\.m2\repository\com\intuit\karate\karate-core\1.0.1\karate-core-1.0.1.jar;C:\Users\spide\.m2\repository\org\graalvm\js\js-scriptengine\21.0.0\js-scriptengine-21.0.0.jar;C:\Users\spide\.m2\repository\org\graalvm\sdk\graal-sdk\21.0.0\graal-sdk-21.0.0.jar;C:\Users\spide\.m2\repository\org\graalvm\js\js\21.0.0\js-21.0.0.jar;C:\Users\spide\.m2\repository\org\graalvm\regex\regex\21.0.0\regex-21.0.0.jar;C:\Users\spide\.m2\repository\org\graalvm\truffle\truffle-api\21.0.0\truffle-api-21.0.0.jar;C:\Users\spide\.m2\repository\com\ibm\icu\icu4j\67.1\icu4j-67.1.jar;C:\Users\spide\.m2\repository\ch\qos\logback\logback-classic\1.2.3\logback-classic-1.2.3.jar;C:\Users\spide\.m2\repository\ch\qos\logback\logback-core\1.2.3\logback-core-1.2.3.jar;C:\Users\spide\.m2\repository\org\slf4j\slf4j-api\1.7.25\slf4j-api-1.7.25.jar;C:\Users\spide\.m2\repository\org\slf4j\jcl-over-slf4j\1.7.25\jcl-over-slf4j-1.7.25.jar;C:\Users\spide\.m2\repository\com\jayway\jsonpath\json-path\2.5.0\json-path-2.5.0.jar;C:\Users\spide\.m2\repository\net\minidev\json-smart\2.3\json-smart-2.3.jar;C:\Users\spide\.m2\repository\net\minidev\accessors-smart\1.2\accessors-smart-1.2.jar;C:\Users\spide\.m2\repository\org\ow2\asm\asm\5.0.4\asm-5.0.4.jar;C:\Users\spide\.m2\repository\info\cukes\cucumber-java\1.2.5\cucumber-java-1.2.5.jar;C:\Users\spide\.m2\repository\info\cukes\cucumber-core\1.2.5\cucumber-core-1.2.5.jar;C:\Users\spide\.m2\repository\org\yaml\snakeyaml\1.27\snakeyaml-1.27.jar;C:\Users\spide\.m2\repository\de\siegmar\fastcsv\1.0.4\fastcsv-1.0.4.jar;C:\Users\spide\.m2\repository\info\picocli\picocli\4.5.2\picocli-4.5.2.jar;C:\Users\spide\.m2\repository\org\junit\jupiter\junit-jupiter-api\5.7.0\junit-jupiter-api-5.7.0.jar;C:\Users\spide\.m2\repository\org\apiguardian\apiguardian-api\1.1.0\apiguardian-api-1.1.0.jar;C:\Users\spide\.m2\repository\org\opentest4j\opentest4j\1.2.0\opentest4j-1.2.0.jar;C:\Users\spide\.m2\repository\org\junit\platform\junit-platform-commons\1.7.0\junit-platform-commons-1.7.0.jar;C:\Users\spide\.m2\repository\org\junit\jupiter\junit-jupiter-engine\5.7.0\junit-jupiter-engine-5.7.0.jar;C:\Users\spide\.m2\repository\org\junit\platform\junit-platform-engine\1.7.0\junit-platform-engine-1.7.0.jar;"/>
    <property name="java.vm.vendor" value="Oracle Corporation"/>
    <property name="sun.arch.data.model" value="64"/>
    <property name="user.variant" value=""/>
    <property name="java.vendor.url" value="http://java.oracle.com/"/>
    <property name="user.timezone" value="America/Sao_Paulo"/>
    <property name="java.vm.specification.version" value="1.8"/>
    <property name="os.name" value="Windows 11"/>
    <property name="user.country" value="BR"/>
    <property name="sun.java.launcher" value="SUN_STANDARD"/>
    <property name="sun.boot.library.path" value="C:\Program Files\Java\jre-1.8\bin"/>
    <property name="sun.java.command" value="C:\Users\spide\AppData\Local\Temp\surefire4610720757584262269\surefirebooter8688974475929115694.jar C:\Users\spide\AppData\Local\Temp\surefire4610720757584262269 2023-11-20T22-34-40_268-jvmRun1 surefire1761236112196126910tmp surefire_01437728092751995849tmp"/>
    <property name="test" value="pkRunner"/>
    <property name="surefire.test.class.path" value="C:\Users\spide\VsCode\S206\S206-L1\aula_inatel\target\test-classes;C:\Users\spide\VsCode\S206\S206-L1\aula_inatel\target\classes;C:\Users\spide\.m2\repository\com\intuit\karate\karate-junit5\1.0.1\karate-junit5-1.0.1.jar;C:\Users\spide\.m2\repository\com\intuit\karate\karate-core\1.0.1\karate-core-1.0.1.jar;C:\Users\spide\.m2\repository\org\graalvm\js\js-scriptengine\21.0.0\js-scriptengine-21.0.0.jar;C:\Users\spide\.m2\repository\org\graalvm\sdk\graal-sdk\21.0.0\graal-sdk-21.0.0.jar;C:\Users\spide\.m2\repository\org\graalvm\js\js\21.0.0\js-21.0.0.jar;C:\Users\spide\.m2\repository\org\graalvm\regex\regex\21.0.0\regex-21.0.0.jar;C:\Users\spide\.m2\repository\org\graalvm\truffle\truffle-api\21.0.0\truffle-api-21.0.0.jar;C:\Users\spide\.m2\repository\com\ibm\icu\icu4j\67.1\icu4j-67.1.jar;C:\Users\spide\.m2\repository\ch\qos\logback\logback-classic\1.2.3\logback-classic-1.2.3.jar;C:\Users\spide\.m2\repository\ch\qos\logback\logback-core\1.2.3\logback-core-1.2.3.jar;C:\Users\spide\.m2\repository\org\slf4j\slf4j-api\1.7.25\slf4j-api-1.7.25.jar;C:\Users\spide\.m2\repository\org\slf4j\jcl-over-slf4j\1.7.25\jcl-over-slf4j-1.7.25.jar;C:\Users\spide\.m2\repository\com\jayway\jsonpath\json-path\2.5.0\json-path-2.5.0.jar;C:\Users\spide\.m2\repository\net\minidev\json-smart\2.3\json-smart-2.3.jar;C:\Users\spide\.m2\repository\net\minidev\accessors-smart\1.2\accessors-smart-1.2.jar;C:\Users\spide\.m2\repository\org\ow2\asm\asm\5.0.4\asm-5.0.4.jar;C:\Users\spide\.m2\repository\info\cukes\cucumber-java\1.2.5\cucumber-java-1.2.5.jar;C:\Users\spide\.m2\repository\info\cukes\cucumber-core\1.2.5\cucumber-core-1.2.5.jar;C:\Users\spide\.m2\repository\org\yaml\snakeyaml\1.27\snakeyaml-1.27.jar;C:\Users\spide\.m2\repository\de\siegmar\fastcsv\1.0.4\fastcsv-1.0.4.jar;C:\Users\spide\.m2\repository\info\picocli\picocli\4.5.2\picocli-4.5.2.jar;C:\Users\spide\.m2\repository\org\junit\jupiter\junit-jupiter-api\5.7.0\junit-jupiter-api-5.7.0.jar;C:\Users\spide\.m2\repository\org\apiguardian\apiguardian-api\1.1.0\apiguardian-api-1.1.0.jar;C:\Users\spide\.m2\repository\org\opentest4j\opentest4j\1.2.0\opentest4j-1.2.0.jar;C:\Users\spide\.m2\repository\org\junit\platform\junit-platform-commons\1.7.0\junit-platform-commons-1.7.0.jar;C:\Users\spide\.m2\repository\org\junit\jupiter\junit-jupiter-engine\5.7.0\junit-jupiter-engine-5.7.0.jar;C:\Users\spide\.m2\repository\org\junit\platform\junit-platform-engine\1.7.0\junit-platform-engine-1.7.0.jar;"/>
    <property name="sun.cpu.endian" value="little"/>
    <property name="user.home" value="C:\Users\spide"/>
    <property name="user.language" value="pt"/>
    <property name="java.specification.vendor" value="Oracle Corporation"/>
    <property name="java.home" value="C:\Program Files\Java\jre-1.8"/>
    <property name="basedir" value="C:\Users\spide\VsCode\S206\S206-L1\aula_inatel"/>
    <property name="file.separator" value="\"/>
    <property name="line.separator" value="&#10;"/>
    <property name="java.vm.specification.vendor" value="Oracle Corporation"/>
    <property name="java.specification.name" value="Java Platform API Specification"/>
    <property name="java.awt.graphicsenv" value="sun.awt.Win32GraphicsEnvironment"/>
    <property name="surefire.real.class.path" value="C:\Users\spide\AppData\Local\Temp\surefire4610720757584262269\surefirebooter8688974475929115694.jar"/>
    <property name="sun.boot.class.path" value="C:\Program Files\Java\jre-1.8\lib\resources.jar;C:\Program Files\Java\jre-1.8\lib\rt.jar;C:\Program Files\Java\jre-1.8\lib\jsse.jar;C:\Program Files\Java\jre-1.8\lib\jce.jar;C:\Program Files\Java\jre-1.8\lib\charsets.jar;C:\Program Files\Java\jre-1.8\lib\jfr.jar;C:\Program Files\Java\jre-1.8\classes"/>
    <property name="user.script" value=""/>
    <property name="sun.management.compiler" value="HotSpot 64-Bit Tiered Compilers"/>
    <property name="java.runtime.version" value="1.8.0_391-b13"/>
    <property name="user.name" value="spide"/>
    <property name="path.separator" value=";"/>
    <property name="os.version" value="10.0"/>
    <property name="java.endorsed.dirs" value="C:\Program Files\Java\jre-1.8\lib\endorsed"/>
    <property name="java.runtime.name" value="Java(TM) SE Runtime Environment"/>
    <property name="file.encoding" value="UTF-8"/>
    <property name="java.vm.name" value="Java HotSpot(TM) 64-Bit Server VM"/>
    <property name="localRepository" value="C:\Users\spide\.m2\repository"/>
    <property name="java.vendor.url.bug" value="http://bugreport.sun.com/bugreport/"/>
    <property name="java.io.tmpdir" value="C:\Users\spide\AppData\Local\Temp\"/>
    <property name="java.version" value="1.8.0_391"/>
    <property name="user.dir" value="C:\Users\spide\VsCode\S206\S206-L1\aula_inatel"/>
    <property name="os.arch" value="amd64"/>
    <property name="java.vm.specification.name" value="Java Virtual Machine Specification"/>
    <property name="java.awt.printerjob" value="sun.awt.windows.WPrinterJob"/>
    <property name="sun.os.patch.level" value=""/>
    <property name="java.library.path" value="C:\Program Files\Java\jre-1.8\bin;C:\WINDOWS\Sun\Java\bin;C:\WINDOWS\system32;C:\WINDOWS;C:\Users\spide\bin;C:\Program Files\Git\mingw64\bin;C:\Program Files\Git\usr\local\bin;C:\Program Files\Git\usr\bin;C:\Program Files\Git\usr\bin;C:\Program Files\Git\mingw64\bin;C:\Program Files\Git\usr\bin;C:\Users\spide\bin;C:\Program Files (x86)\Common Files\Oracle\Java\javapath;C:\WINDOWS\system32;C:\WINDOWS;C:\WINDOWS\System32\Wbem;C:\WINDOWS\System32\WindowsPowerShell\v1.0;C:\WINDOWS\System32\OpenSSH;C:\Program Files (x86)\NVIDIA Corporation\PhysX\Common;C:\MinGW\bin;C:\Program Files\NVIDIA Corporation\NVIDIA NvDLISR;C:\Program Files\Git\cmd;C:\WINDOWS\system32;C:\WINDOWS;C:\WINDOWS\System32\Wbem;C:\WINDOWS\System32\WindowsPowerShell\v1.0;C:\WINDOWS\System32\OpenSSH;C:\Program Files\nodejs;C:\Program Files\apache-maven-3.9.5-bin\apache-maven-3.9.5\bin;E:\Python\Scripts;E:\Python;C:\Users\spide\AppData\Local\Microsoft\WindowsApps;E:\Microsoft VS Code\bin;C:\MinGW\bin;C:\Users\spide\AppData\Roaming\npm;C:\Program Files\Git\usr\bin\vendor_perl;C:\Program Files\Git\usr\bin\core_perl;."/>
    <property name="java.vm.info" value="mixed mode"/>
    <property name="java.vendor" value="Oracle Corporation"/>
    <property name="java.vm.version" value="25.391-b13"/>
    <property name="java.specification.maintenance.version" value="5"/>
    <property name="java.ext.dirs" value="C:\Program Files\Java\jre-1.8\lib\ext;C:\WINDOWS\Sun\Java\lib\ext"/>
    <property name="sun.io.unicode.encoding" value="UnicodeLittle"/>
    <property name="java.class.version" value="52.0"/>
  </properties>
  <testcase name="testPokemon[1][1]" classname="aula_karate.pokemon.pkRunner" time="4.069"/>
  <testcase name="testPokemon[1][2]" classname="aula_karate.pokemon.pkRunner" time="1.395"/>
  <testcase name="testPokemon[1][3]" classname="aula_karate.pokemon.pkRunner" time="0.381"/>
  <testcase name="testPokemon[1][4]" classname="aula_karate.pokemon.pkRunner" time="0.458"/>
  <testcase name="testPokemon[1][5]" classname="aula_karate.pokemon.pkRunner" time="0.521">
    <failure message="&gt;&gt;&gt;&gt; js failed:&#10;01: karate.log(&apos;[print]&apos;,idioma)&#10;&lt;&lt;&lt;&lt;&#10;org.graalvm.polyglot.PolyglotException: ReferenceError: &quot;idioma&quot; is not defined&#10;- &lt;js&gt;.:program(Unnamed:1)&#10;&#10;classpath:aula_karate/pokemon/pokemon.feature:43" type="org.opentest4j.AssertionFailedError"><![CDATA[org.opentest4j.AssertionFailedError: 
>>>> js failed:
01: karate.log('[print]',idioma)
<<<<
org.graalvm.polyglot.PolyglotException: ReferenceError: "idioma" is not defined
- <js>.:program(Unnamed:1)

classpath:aula_karate/pokemon/pokemon.feature:43
]]></failure>
    <system-out><![CDATA[22:34:50.524 [main] INFO  com.intuit.karate - karate.env system property was: null 
22:34:50.528 [main] DEBUG com.intuit.karate - request:
1 > GET https://pokeapi.co/api/v2/ability/26/
1 > Host: pokeapi.co
1 > Connection: Keep-Alive
1 > User-Agent: Apache-HttpClient/4.5.13 (Java/1.8.0_391)
1 > Accept-Encoding: gzip,deflate


22:34:51.013 [main] DEBUG com.intuit.karate - response time in milliseconds: 482
1 < 200
1 < Date: Tue, 21 Nov 2023 01:34:51 GMT
1 < Content-Type: application/json; charset=utf-8
1 < Connection: keep-alive
1 < access-control-allow-origin: *
1 < Cache-Control: public, max-age=86400, s-maxage=86400
1 < etag: W/"5991-bsHtboy5eYYBPhBzAAMhkf8qMXs"
1 < function-execution-id: 2yl83qahzh35
1 < strict-transport-security: max-age=31556926
1 < x-cloud-trace-context: 5e95a576157f5472de90fc329ea476f0
1 < x-country-code: BR
1 < x-powered-by: Express
1 < x-served-by: cache-gru-sbgr1930071-GRU
1 < x-cache: MISS
1 < x-cache-hits: 0
1 < x-timer: S1700530491.274725,VS0,VE376
1 < vary: Accept-Encoding,cookie,need-authorization, x-fh-requested-host, accept-encoding
1 < alt-svc: h3=":443"; ma=86400
1 < CF-Cache-Status: MISS
1 < Accept-Ranges: bytes
1 < Report-To: {"endpoints":[{"url":"https:\/\/a.nel.cloudflare.com\/report\/v3?s=K0tigaeU478F7DbjwRxPHfkHWA5q5skCsV7yB4OkQ%2B2UEovTcer6%2F0YJGhROWrQ2v8iHlMqvUWcJ%2BesOMlxKakVn0%2BC%2FnGlSGMhAO22MOoRSW%2FV0uGH%2Be5dqcmy%2F"}],"group":"cf-nel","max_age":604800}
1 < NEL: {"success_fraction":0,"report_to":"cf-nel","max_age":604800}
1 < Server: cloudflare
1 < CF-RAY: 829531523cad00d7-GRU
{"effect_entries":[{"short_effect":"Verhindert ground Attacken","effect":"Ein Pokémon mit dieser Fähigkeit ist immun gegen ground Attacken, spikes, toxic spikes und arena trap.\n\nDiese Fähigkeit wird mit gravity oder ingrain deaktiviert oder während eine iron ball getragen wird. roost deaktiviert diese Fähigkeit nicht.","language":{"name":"de","url":"https:\/\/pokeapi.co\/api\/v2\/language\/6\/"}},{"short_effect":"Evades ground moves.","effect":"This Pokémon is immune to ground-type moves, spikes, toxic spikes, and arena trap.\n\nThis ability is disabled during gravity or ingrain, or while holding an iron ball.  This ability is not disabled during roost.","language":{"name":"en","url":"https:\/\/pokeapi.co\/api\/v2\/language\/9\/"}}],"generation":{"name":"generation-iii","url":"https:\/\/pokeapi.co\/api\/v2\/generation\/3\/"},"is_main_series":true,"names":[{"name":"???","language":{"name":"ja-Hrkt","url":"https:\/\/pokeapi.co\/api\/v2\/language\/1\/"}},{"name":"??","language":{"name":"ko","url":"https:\/\/pokeapi.co\/api\/v2\/language\/3\/"}},{"name":"??","language":{"name":"zh-Hant","url":"https:\/\/pokeapi.co\/api\/v2\/language\/4\/"}},{"name":"Lévitation","language":{"name":"fr","url":"https:\/\/pokeapi.co\/api\/v2\/language\/5\/"}},{"name":"Schwebe","language":{"name":"de","url":"https:\/\/pokeapi.co\/api\/v2\/language\/6\/"}},{"name":"Levitación","language":{"name":"es","url":"https:\/\/pokeapi.co\/api\/v2\/language\/7\/"}},{"name":"Levitazione","language":{"name":"it","url":"https:\/\/pokeapi.co\/api\/v2\/language\/8\/"}},{"name":"Levitate","language":{"name":"en","url":"https:\/\/pokeapi.co\/api\/v2\/language\/9\/"}},{"name":"???","language":{"name":"ja","url":"https:\/\/pokeapi.co\/api\/v2\/language\/11\/"}},{"name":"??","language":{"name":"zh-Hans","url":"https:\/\/pokeapi.co\/api\/v2\/language\/12\/"}}],"pokemon":[{"pokemon":{"name":"gastly","url":"https:\/\/pokeapi.co\/api\/v2\/pokemon\/92\/"},"is_hidden":false,"slot":1},{"pokemon":{"name":"haunter","url":"https:\/\/pokeapi.co\/api\/v2\/pokemon\/93\/"},"is_hidden":false,"slot":1},{"pokemon":{"name":"koffing","url":"https:\/\/pokeapi.co\/api\/v2\/pokemon\/109\/"},"is_hidden":false,"slot":1},{"pokemon":{"name":"weezing","url":"https:\/\/pokeapi.co\/api\/v2\/pokemon\/110\/"},"is_hidden":false,"slot":1},{"pokemon":{"name":"misdreavus","url":"https:\/\/pokeapi.co\/api\/v2\/pokemon\/200\/"},"is_hidden":false,"slot":1},{"pokemon":{"name":"unown","url":"https:\/\/pokeapi.co\/api\/v2\/pokemon\/201\/"},"is_hidden":false,"slot":1},{"pokemon":{"name":"vibrava","url":"https:\/\/pokeapi.co\/api\/v2\/pokemon\/329\/"},"is_hidden":false,"slot":1},{"pokemon":{"name":"flygon","url":"https:\/\/pokeapi.co\/api\/v2\/pokemon\/330\/"},"is_hidden":false,"slot":1},{"pokemon":{"name":"lunatone","url":"https:\/\/pokeapi.co\/api\/v2\/pokemon\/337\/"},"is_hidden":false,"slot":1},{"pokemon":{"name":"solrock","url":"https:\/\/pokeapi.co\/api\/v2\/pokemon\/338\/"},"is_hidden":false,"slot":1},{"pokemon":{"name":"baltoy","url":"https:\/\/pokeapi.co\/api\/v2\/pokemon\/343\/"},"is_hidden":false,"slot":1},{"pokemon":{"name":"claydol","url":"https:\/\/pokeapi.co\/api\/v2\/pokemon\/344\/"},"is_hidden":false,"slot":1},{"pokemon":{"name":"duskull","url":"https:\/\/pokeapi.co\/api\/v2\/pokemon\/355\/"},"is_hidden":false,"slot":1},{"pokemon":{"name":"chimecho","url":"https:\/\/pokeapi.co\/api\/v2\/pokemon\/358\/"},"is_hidden":false,"slot":1},{"pokemon":{"name":"latias","url":"https:\/\/pokeapi.co\/api\/v2\/pokemon\/380\/"},"is_hidden":false,"slot":1},{"pokemon":{"name":"latios","url":"https:\/\/pokeapi.co\/api\/v2\/pokemon\/381\/"},"is_hidden":false,"slot":1},{"pokemon":{"name":"mismagius","url":"https:\/\/pokeapi.co\/api\/v2\/pokemon\/429\/"},"is_hidden":false,"slot":1},{"pokemon":{"name":"chingling","url":"https:\/\/pokeapi.co\/api\/v2\/pokemon\/433\/"},"is_hidden":false,"slot":1},{"pokemon":{"name":"bronzor","url":"https:\/\/pokeapi.co\/api\/v2\/pokemon\/436\/"},"is_hidden":false,"slot":1},{"pokemon":{"name":"bronzong","url":"https:\/\/pokeapi.co\/api\/v2\/pokemon\/437\/"},"is_hidden":false,"slot":1},{"pokemon":{"name":"carnivine","url":"https:\/\/pokeapi.co\/api\/v2\/pokemon\/455\/"},"is_hidden":false,"slot":1},{"pokemon":{"name":"rotom","url":"https:\/\/pokeapi.co\/api\/v2\/pokemon\/479\/"},"is_hidden":false,"slot":1},{"pokemon":{"name":"uxie","url":"https:\/\/pokeapi.co\/api\/v2\/pokemon\/480\/"},"is_hidden":false,"slot":1},{"pokemon":{"name":"mesprit","url":"https:\/\/pokeapi.co\/api\/v2\/pokemon\/481\/"},"is_hidden":false,"slot":1},{"pokemon":{"name":"azelf","url":"https:\/\/pokeapi.co\/api\/v2\/pokemon\/482\/"},"is_hidden":false,"slot":1},{"pokemon":{"name":"cresselia","url":"https:\/\/pokeapi.co\/api\/v2\/pokemon\/488\/"},"is_hidden":false,"slot":1},{"pokemon":{"name":"tynamo","url":"https:\/\/pokeapi.co\/api\/v2\/pokemon\/602\/"},"is_hidden":false,"slot":1},{"pokemon":{"name":"eelektrik","url":"https:\/\/pokeapi.co\/api\/v2\/pokemon\/603\/"},"is_hidden":false,"slot":1},{"pokemon":{"name":"eelektross","url":"https:\/\/pokeapi.co\/api\/v2\/pokemon\/604\/"},"is_hidden":false,"slot":1},{"pokemon":{"name":"cryogonal","url":"https:\/\/pokeapi.co\/api\/v2\/pokemon\/615\/"},"is_hidden":false,"slot":1},{"pokemon":{"name":"hydreigon","url":"https:\/\/pokeapi.co\/api\/v2\/pokemon\/635\/"},"is_hidden":false,"slot":1},{"pokemon":{"name":"vikavolt","url":"https:\/\/pokeapi.co\/api\/v2\/pokemon\/738\/"},"is_hidden":false,"slot":1},{"pokemon":{"name":"giratina-origin","url":"https:\/\/pokeapi.co\/api\/v2\/pokemon\/10007\/"},"is_hidden":false,"slot":1},{"pokemon":{"name":"rotom-heat","url":"https:\/\/pokeapi.co\/api\/v2\/pokemon\/10008\/"},"is_hidden":false,"slot":1},{"pokemon":{"name":"rotom-wash","url":"https:\/\/pokeapi.co\/api\/v2\/pokemon\/10009\/"},"is_hidden":false,"slot":1},{"pokemon":{"name":"rotom-frost","url":"https:\/\/pokeapi.co\/api\/v2\/pokemon\/10010\/"},"is_hidden":false,"slot":1},{"pokemon":{"name":"rotom-fan","url":"https:\/\/pokeapi.co\/api\/v2\/pokemon\/10011\/"},"is_hidden":false,"slot":1},{"pokemon":{"name":"rotom-mow","url":"https:\/\/pokeapi.co\/api\/v2\/pokemon\/10012\/"},"is_hidden":false,"slot":1},{"pokemon":{"name":"latias-mega","url":"https:\/\/pokeapi.co\/api\/v2\/pokemon\/10062\/"},"is_hidden":false,"slot":1},{"pokemon":{"name":"latios-mega","url":"https:\/\/pokeapi.co\/api\/v2\/pokemon\/10063\/"},"is_hidden":false,"slot":1},{"pokemon":{"name":"vikavolt-totem","url":"https:\/\/pokeapi.co\/api\/v2\/pokemon\/10122\/"},"is_hidden":false,"slot":1},{"pokemon":{"name":"weezing-galar","url":"https:\/\/pokeapi.co\/api\/v2\/pokemon\/10167\/"},"is_hidden":false,"slot":1}],"flavor_text_entries":[{"version_group":{"name":"ruby-sapphire","url":"https:\/\/pokeapi.co\/api\/v2\/version-group\/5\/"},"language":{"name":"en","url":"https:\/\/pokeapi.co\/api\/v2\/language\/9\/"},"flavor_text":"Not hit by GROUND attacks."},{"version_group":{"name":"emerald","url":"https:\/\/pokeapi.co\/api\/v2\/version-group\/6\/"},"language":{"name":"en","url":"https:\/\/pokeapi.co\/api\/v2\/language\/9\/"},"flavor_text":"Not hit by GROUND attacks."},{"version_group":{"name":"firered-leafgreen","url":"https:\/\/pokeapi.co\/api\/v2\/version-group\/7\/"},"language":{"name":"en","url":"https:\/\/pokeapi.co\/api\/v2\/language\/9\/"},"flavor_text":"Not hit by GROUND attacks."},{"version_group":{"name":"diamond-pearl","url":"https:\/\/pokeapi.co\/api\/v2\/version-group\/8\/"},"language":{"name":"en","url":"https:\/\/pokeapi.co\/api\/v2\/language\/9\/"},"flavor_text":"Gives full immunity to all\nGround-type moves."},{"version_group":{"name":"platinum","url":"https:\/\/pokeapi.co\/api\/v2\/version-group\/9\/"},"language":{"name":"en","url":"https:\/\/pokeapi.co\/api\/v2\/language\/9\/"},"flavor_text":"Gives full immunity to all\nGround-type moves."},{"version_group":{"name":"heartgold-soulsilver","url":"https:\/\/pokeapi.co\/api\/v2\/version-group\/10\/"},"language":{"name":"en","url":"https:\/\/pokeapi.co\/api\/v2\/language\/9\/"},"flavor_text":"Gives full immunity to all\nGround-type moves."},{"version_group":{"name":"black-white","url":"https:\/\/pokeapi.co\/api\/v2\/version-group\/11\/"},"language":{"name":"fr","url":"https:\/\/pokeapi.co\/api\/v2\/language\/5\/"},"flavor_text":"Immunise contre toutes\nles capacités de type Sol."},{"version_group":{"name":"black-white","url":"https:\/\/pokeapi.co\/api\/v2\/version-group\/11\/"},"language":{"name":"en","url":"https:\/\/pokeapi.co\/api\/v2\/language\/9\/"},"flavor_text":"Gives full immunity to all\nGround-type moves."},{"version_group":{"name":"black-2-white-2","url":"https:\/\/pokeapi.co\/api\/v2\/version-group\/14\/"},"language":{"name":"en","url":"https:\/\/pokeapi.co\/api\/v2\/language\/9\/"},"flavor_text":"Gives full immunity to all\nGround-type moves."},{"version_group":{"name":"x-y","url":"https:\/\/pokeapi.co\/api\/v2\/version-group\/15\/"},"language":{"name":"ja-Hrkt","url":"https:\/\/pokeapi.co\/api\/v2\/language\/1\/"},"flavor_text":"???????????\n?????"},{"version_group":{"name":"x-y","url":"https:\/\/pokeapi.co\/api\/v2\/version-group\/15\/"},"language":{"name":"ko","url":"https:\/\/pokeapi.co\/api\/v2\/language\/3\/"},"flavor_text":"???? ???\n?? ???."},{"version_group":{"name":"x-y","url":"https:\/\/pokeapi.co\/api\/v2\/version-group\/15\/"},"language":{"name":"fr","url":"https:\/\/pokeapi.co\/api\/v2\/language\/5\/"},"flavor_text":"Immunise contre toutes les\ncapacités de type Sol."},{"version_group":{"name":"x-y","url":"https:\/\/pokeapi.co\/api\/v2\/version-group\/15\/"},"language":{"name":"de","url":"https:\/\/pokeapi.co\/api\/v2\/language\/6\/"},"flavor_text":"Volle Immunität gegen\nalle Boden-Attacken."},{"version_group":{"name":"x-y","url":"https:\/\/pokeapi.co\/api\/v2\/version-group\/15\/"},"language":{"name":"es","url":"https:\/\/pokeapi.co\/api\/v2\/language\/7\/"},"flavor_text":"Proporciona inmunidad frente a\nlos ataques de tipo Tierra."},{"version_group":{"name":"x-y","url":"https:\/\/pokeapi.co\/api\/v2\/version-group\/15\/"},"language":{"name":"it","url":"https:\/\/pokeapi.co\/api\/v2\/language\/8\/"},"flavor_text":"Conferisce immunità dagli attacchi\ndi tipo Terra."},{"version_group":{"name":"x-y","url":"https:\/\/pokeapi.co\/api\/v2\/version-group\/15\/"},"language":{"name":"en","url":"https:\/\/pokeapi.co\/api\/v2\/language\/9\/"},"flavor_text":"Gives full immunity to all\nGround-type moves."},{"version_group":{"name":"x-y","url":"https:\/\/pokeapi.co\/api\/v2\/version-group\/15\/"},"language":{"name":"ja","url":"https:\/\/pokeapi.co\/api\/v2\/language\/11\/"},"flavor_text":"??????????\n?????"},{"version_group":{"name":"omega-ruby-alpha-sapphire","url":"https:\/\/pokeapi.co\/api\/v2\/version-group\/16\/"},"language":{"name":"ja-Hrkt","url":"https:\/\/pokeapi.co\/api\/v2\/language\/1\/"},"flavor_text":"???????????\n?????"},{"version_group":{"name":"omega-ruby-alpha-sapphire","url":"https:\/\/pokeapi.co\/api\/v2\/version-group\/16\/"},"language":{"name":"ko","url":"https:\/\/pokeapi.co\/api\/v2\/language\/3\/"},"flavor_text":"???? ???\n?? ???."},{"version_group":{"name":"omega-ruby-alpha-sapphire","url":"https:\/\/pokeapi.co\/api\/v2\/version-group\/16\/"},"language":{"name":"fr","url":"https:\/\/pokeapi.co\/api\/v2\/language\/5\/"},"flavor_text":"Immunise contre toutes les\ncapacités de type Sol."},{"version_group":{"name":"omega-ruby-alpha-sapphire","url":"https:\/\/pokeapi.co\/api\/v2\/version-group\/16\/"},"language":{"name":"de","url":"https:\/\/pokeapi.co\/api\/v2\/language\/6\/"},"flavor_text":"Volle Immunität gegen\nalle Boden-Attacken."},{"version_group":{"name":"omega-ruby-alpha-sapphire","url":"https:\/\/pokeapi.co\/api\/v2\/version-group\/16\/"},"language":{"name":"es","url":"https:\/\/pokeapi.co\/api\/v2\/language\/7\/"},"flavor_text":"Proporciona inmunidad frente a\nlos ataques de tipo Tierra."},{"version_group":{"name":"omega-ruby-alpha-sapphire","url":"https:\/\/pokeapi.co\/api\/v2\/version-group\/16\/"},"language":{"name":"it","url":"https:\/\/pokeapi.co\/api\/v2\/language\/8\/"},"flavor_text":"Conferisce immunità agli attacchi \ndi tipo Terra."},{"version_group":{"name":"omega-ruby-alpha-sapphire","url":"https:\/\/pokeapi.co\/api\/v2\/version-group\/16\/"},"language":{"name":"en","url":"https:\/\/pokeapi.co\/api\/v2\/language\/9\/"},"flavor_text":"Gives full immunity to all\nGround-type moves."},{"version_group":{"name":"omega-ruby-alpha-sapphire","url":"https:\/\/pokeapi.co\/api\/v2\/version-group\/16\/"},"language":{"name":"ja","url":"https:\/\/pokeapi.co\/api\/v2\/language\/11\/"},"flavor_text":"??????????\n?????"},{"version_group":{"name":"sun-moon","url":"https:\/\/pokeapi.co\/api\/v2\/version-group\/17\/"},"language":{"name":"ja-Hrkt","url":"https:\/\/pokeapi.co\/api\/v2\/language\/1\/"},"flavor_text":"??????????????\n?????????????????"},{"version_group":{"name":"sun-moon","url":"https:\/\/pokeapi.co\/api\/v2\/version-group\/17\/"},"language":{"name":"ko","url":"https:\/\/pokeapi.co\/api\/v2\/language\/3\/"},"flavor_text":"??? ?? ???\n???? ??? ?? ???."},{"version_group":{"name":"sun-moon","url":"https:\/\/pokeapi.co\/api\/v2\/version-group\/17\/"},"language":{"name":"zh-Hant","url":"https:\/\/pokeapi.co\/api\/v2\/language\/4\/"},"flavor_text":"??????\n????????????????"},{"version_group":{"name":"sun-moon","url":"https:\/\/pokeapi.co\/api\/v2\/version-group\/17\/"},"language":{"name":"fr","url":"https:\/\/pokeapi.co\/api\/v2\/language\/5\/"},"flavor_text":"Le Pokémon flotte, ce qui l\u2019immunise contre\nles capacités de type Sol."},{"version_group":{"name":"sun-moon","url":"https:\/\/pokeapi.co\/api\/v2\/version-group\/17\/"},"language":{"name":"de","url":"https:\/\/pokeapi.co\/api\/v2\/language\/6\/"},"flavor_text":"Verleiht volle Immunität gegen alle Boden-Attacken\ndurch Schwebezustand."},{"version_group":{"name":"sun-moon","url":"https:\/\/pokeapi.co\/api\/v2\/version-group\/17\/"},"language":{"name":"es","url":"https:\/\/pokeapi.co\/api\/v2\/language\/7\/"},"flavor_text":"Su capacidad de flotar sobre el suelo le proporciona\ninmunidad frente a los movimientos de tipo Tierra."},{"version_group":{"name":"sun-moon","url":"https:\/\/pokeapi.co\/api\/v2\/version-group\/17\/"},"language":{"name":"it","url":"https:\/\/pokeapi.co\/api\/v2\/language\/8\/"},"flavor_text":"La capacità di levitare senza toccare il suolo\nconferisce immunità agli attacchi di tipo Terra."},{"version_group":{"name":"sun-moon","url":"https:\/\/pokeapi.co\/api\/v2\/version-group\/17\/"},"language":{"name":"en","url":"https:\/\/pokeapi.co\/api\/v2\/language\/9\/"},"flavor_text":"By floating in the air, the Pokémon receives full\nimmunity to all Ground-type moves."},{"version_group":{"name":"sun-moon","url":"https:\/\/pokeapi.co\/api\/v2\/version-group\/17\/"},"language":{"name":"ja","url":"https:\/\/pokeapi.co\/api\/v2\/language\/11\/"},"flavor_text":"?????????????\n????????????????"},{"version_group":{"name":"sun-moon","url":"https:\/\/pokeapi.co\/api\/v2\/version-group\/17\/"},"language":{"name":"zh-Hans","url":"https:\/\/pokeapi.co\/api\/v2\/language\/12\/"},"flavor_text":"??????\n????????????????"},{"version_group":{"name":"ultra-sun-ultra-moon","url":"https:\/\/pokeapi.co\/api\/v2\/version-group\/18\/"},"language":{"name":"ja-Hrkt","url":"https:\/\/pokeapi.co\/api\/v2\/language\/1\/"},"flavor_text":"??????????????\n?????????????????"},{"version_group":{"name":"ultra-sun-ultra-moon","url":"https:\/\/pokeapi.co\/api\/v2\/version-group\/18\/"},"language":{"name":"ko","url":"https:\/\/pokeapi.co\/api\/v2\/language\/3\/"},"flavor_text":"??? ?? ???\n???? ??? ?? ???."},{"version_group":{"name":"ultra-sun-ultra-moon","url":"https:\/\/pokeapi.co\/api\/v2\/version-group\/18\/"},"language":{"name":"zh-Hant","url":"https:\/\/pokeapi.co\/api\/v2\/language\/4\/"},"flavor_text":"??????\n????????????????"},{"version_group":{"name":"ultra-sun-ultra-moon","url":"https:\/\/pokeapi.co\/api\/v2\/version-group\/18\/"},"language":{"name":"fr","url":"https:\/\/pokeapi.co\/api\/v2\/language\/5\/"},"flavor_text":"Le Pokémon flotte, ce qui l\u2019immunise contre\nles capacités de type Sol."},{"version_group":{"name":"ultra-sun-ultra-moon","url":"https:\/\/pokeapi.co\/api\/v2\/version-group\/18\/"},"language":{"name":"de","url":"https:\/\/pokeapi.co\/api\/v2\/language\/6\/"},"flavor_text":"Verleiht volle Immunität gegen alle Boden-Attacken\ndurch Schwebezustand."},{"version_group":{"name":"ultra-sun-ultra-moon","url":"https:\/\/pokeapi.co\/api\/v2\/version-group\/18\/"},"language":{"name":"es","url":"https:\/\/pokeapi.co\/api\/v2\/language\/7\/"},"flavor_text":"Su capacidad de flotar sobre el suelo le proporciona\ninmunidad frente a los movimientos de tipo Tierra."},{"version_group":{"name":"ultra-sun-ultra-moon","url":"https:\/\/pokeapi.co\/api\/v2\/version-group\/18\/"},"language":{"name":"it","url":"https:\/\/pokeapi.co\/api\/v2\/language\/8\/"},"flavor_text":"La capacità di levitare senza toccare il suolo\nconferisce immunità agli attacchi di tipo Terra."},{"version_group":{"name":"ultra-sun-ultra-moon","url":"https:\/\/pokeapi.co\/api\/v2\/version-group\/18\/"},"language":{"name":"en","url":"https:\/\/pokeapi.co\/api\/v2\/language\/9\/"},"flavor_text":"By floating in the air, the Pokémon receives full\nimmunity to all Ground-type moves."},{"version_group":{"name":"ultra-sun-ultra-moon","url":"https:\/\/pokeapi.co\/api\/v2\/version-group\/18\/"},"language":{"name":"ja","url":"https:\/\/pokeapi.co\/api\/v2\/language\/11\/"},"flavor_text":"?????????????\n????????????????"},{"version_group":{"name":"ultra-sun-ultra-moon","url":"https:\/\/pokeapi.co\/api\/v2\/version-group\/18\/"},"language":{"name":"zh-Hans","url":"https:\/\/pokeapi.co\/api\/v2\/language\/12\/"},"flavor_text":"??????\n????????????????"},{"version_group":{"name":"lets-go-pikachu-lets-go-eevee","url":"https:\/\/pokeapi.co\/api\/v2\/version-group\/19\/"},"language":{"name":"ja-Hrkt","url":"https:\/\/pokeapi.co\/api\/v2\/language\/1\/"},"flavor_text":"??????????????\n?????????????????"},{"version_group":{"name":"lets-go-pikachu-lets-go-eevee","url":"https:\/\/pokeapi.co\/api\/v2\/version-group\/19\/"},"language":{"name":"ko","url":"https:\/\/pokeapi.co\/api\/v2\/language\/3\/"},"flavor_text":"??? ?? ???\n???? ??? ?? ???."},{"version_group":{"name":"lets-go-pikachu-lets-go-eevee","url":"https:\/\/pokeapi.co\/api\/v2\/version-group\/19\/"},"language":{"name":"zh-Hant","url":"https:\/\/pokeapi.co\/api\/v2\/language\/4\/"},"flavor_text":"??????\n????????????????"},{"version_group":{"name":"lets-go-pikachu-lets-go-eevee","url":"https:\/\/pokeapi.co\/api\/v2\/version-group\/19\/"},"language":{"name":"fr","url":"https:\/\/pokeapi.co\/api\/v2\/language\/5\/"},"flavor_text":"Le Pokémon flotte, ce qui l\u2019immunise contre\nles capacités de type Sol."},{"version_group":{"name":"lets-go-pikachu-lets-go-eevee","url":"https:\/\/pokeapi.co\/api\/v2\/version-group\/19\/"},"language":{"name":"de","url":"https:\/\/pokeapi.co\/api\/v2\/language\/6\/"},"flavor_text":"Verleiht volle Immunität gegen alle Boden-Attacken\ndurch Schwebezustand."},{"version_group":{"name":"lets-go-pikachu-lets-go-eevee","url":"https:\/\/pokeapi.co\/api\/v2\/version-group\/19\/"},"language":{"name":"es","url":"https:\/\/pokeapi.co\/api\/v2\/language\/7\/"},"flavor_text":"Su capacidad de flotar sobre el suelo le proporciona\ninmunidad frente a los movimientos de tipo Tierra."},{"version_group":{"name":"lets-go-pikachu-lets-go-eevee","url":"https:\/\/pokeapi.co\/api\/v2\/version-group\/19\/"},"language":{"name":"it","url":"https:\/\/pokeapi.co\/api\/v2\/language\/8\/"},"flavor_text":"La capacità di levitare senza toccare il suolo\nconferisce immunità agli attacchi di tipo Terra."},{"version_group":{"name":"lets-go-pikachu-lets-go-eevee","url":"https:\/\/pokeapi.co\/api\/v2\/version-group\/19\/"},"language":{"name":"en","url":"https:\/\/pokeapi.co\/api\/v2\/language\/9\/"},"flavor_text":"By floating in the air, the Pokémon receives full\nimmunity to all Ground-type moves."},{"version_group":{"name":"lets-go-pikachu-lets-go-eevee","url":"https:\/\/pokeapi.co\/api\/v2\/version-group\/19\/"},"language":{"name":"ja","url":"https:\/\/pokeapi.co\/api\/v2\/language\/11\/"},"flavor_text":"?????????????\n????????????????"},{"version_group":{"name":"lets-go-pikachu-lets-go-eevee","url":"https:\/\/pokeapi.co\/api\/v2\/version-group\/19\/"},"language":{"name":"zh-Hans","url":"https:\/\/pokeapi.co\/api\/v2\/language\/12\/"},"flavor_text":"??????\n????????????????"},{"version_group":{"name":"sword-shield","url":"https:\/\/pokeapi.co\/api\/v2\/version-group\/20\/"},"language":{"name":"ja-Hrkt","url":"https:\/\/pokeapi.co\/api\/v2\/language\/1\/"},"flavor_text":"??????????????\n?????????????????"},{"version_group":{"name":"sword-shield","url":"https:\/\/pokeapi.co\/api\/v2\/version-group\/20\/"},"language":{"name":"ko","url":"https:\/\/pokeapi.co\/api\/v2\/language\/3\/"},"flavor_text":"??? ?? ???\n???? ??? ?? ???."},{"version_group":{"name":"sword-shield","url":"https:\/\/pokeapi.co\/api\/v2\/version-group\/20\/"},"language":{"name":"zh-Hant","url":"https:\/\/pokeapi.co\/api\/v2\/language\/4\/"},"flavor_text":"??????\n????????????????"},{"version_group":{"name":"sword-shield","url":"https:\/\/pokeapi.co\/api\/v2\/version-group\/20\/"},"language":{"name":"fr","url":"https:\/\/pokeapi.co\/api\/v2\/language\/5\/"},"flavor_text":"Le Pokémon flotte, ce qui l\u2019immunise contre\nles capacités de type Sol."},{"version_group":{"name":"sword-shield","url":"https:\/\/pokeapi.co\/api\/v2\/version-group\/20\/"},"language":{"name":"de","url":"https:\/\/pokeapi.co\/api\/v2\/language\/6\/"},"flavor_text":"Verleiht volle Immunität gegen alle Boden-Attacken\ndurch Schwebezustand."},{"version_group":{"name":"sword-shield","url":"https:\/\/pokeapi.co\/api\/v2\/version-group\/20\/"},"language":{"name":"es","url":"https:\/\/pokeapi.co\/api\/v2\/language\/7\/"},"flavor_text":"Su capacidad de flotar sobre el suelo le proporciona\ninmunidad frente a los movimientos de tipo Tierra."},{"version_group":{"name":"sword-shield","url":"https:\/\/pokeapi.co\/api\/v2\/version-group\/20\/"},"language":{"name":"it","url":"https:\/\/pokeapi.co\/api\/v2\/language\/8\/"},"flavor_text":"La capacità di levitare conferisce al Pokémon\nimmunità agli attacchi di tipo Terra."},{"version_group":{"name":"sword-shield","url":"https:\/\/pokeapi.co\/api\/v2\/version-group\/20\/"},"language":{"name":"en","url":"https:\/\/pokeapi.co\/api\/v2\/language\/9\/"},"flavor_text":"By floating in the air, the Pokémon receives full\nimmunity to all Ground-type moves."},{"version_group":{"name":"sword-shield","url":"https:\/\/pokeapi.co\/api\/v2\/version-group\/20\/"},"language":{"name":"ja","url":"https:\/\/pokeapi.co\/api\/v2\/language\/11\/"},"flavor_text":"?????????????\n????????????????"},{"version_group":{"name":"sword-shield","url":"https:\/\/pokeapi.co\/api\/v2\/version-group\/20\/"},"language":{"name":"zh-Hans","url":"https:\/\/pokeapi.co\/api\/v2\/language\/12\/"},"flavor_text":"??????\n????????????????"}],"name":"levitate","id":26,"effect_changes":[]}
22:34:51.047 [main] ERROR com.intuit.karate - classpath:aula_karate/pokemon/pokemon.feature:43
And print idioma
>>>> js failed:
01: karate.log('[print]',idioma)
<<<<
org.graalvm.polyglot.PolyglotException: ReferenceError: "idioma" is not defined
- <js>.:program(Unnamed:1)

classpath:aula_karate/pokemon/pokemon.feature:43
]]></system-out>
  </testcase>
  <testcase name="testPokemon[1][6]" classname="aula_karate.pokemon.pkRunner" time="1.561">
    <failure message="match failed: EQUALS&#10;  $ | actual path does not exist (STRING:STRING)&#10;  &apos;#notpresent&apos;&#10;  &apos;This Pokémon transforms into a random opponent upon entering battle. This effect is identical to the move transform.&apos;&#10;&#10;classpath:aula_karate/pokemon/pokemon.feature:55" type="org.opentest4j.AssertionFailedError">org.opentest4j.AssertionFailedError: 
match failed: EQUALS
  $ | actual path does not exist (STRING:STRING)
  '#notpresent'
  'This Pokémon transforms into a random opponent upon entering battle. This effect is identical to the move transform.'

classpath:aula_karate/pokemon/pokemon.feature:55
</failure>
    <system-out><![CDATA[22:34:51.075 [main] INFO  com.intuit.karate - karate.env system property was: null 
22:34:51.079 [main] DEBUG com.intuit.karate - request:
1 > GET https://pokeapi.co/api/v2/ability/imposter
1 > Host: pokeapi.co
1 > Connection: Keep-Alive
1 > User-Agent: Apache-HttpClient/4.5.13 (Java/1.8.0_391)
1 > Accept-Encoding: gzip,deflate


22:34:51.472 [main] DEBUG com.intuit.karate - response time in milliseconds: 392
1 < 200
1 < Date: Tue, 21 Nov 2023 01:34:52 GMT
1 < Content-Type: application/json; charset=utf-8
1 < Connection: keep-alive
1 < access-control-allow-origin: *
1 < Cache-Control: public, max-age=86400, s-maxage=86400
1 < etag: W/"3d93-OwGrqQLaM17+uwpluVaJx5Vh62Q"
1 < function-execution-id: q2hshfhgxza9
1 < strict-transport-security: max-age=31556926
1 < x-cloud-trace-context: 70721a36de2c69e67d0003463363b6be
1 < x-country-code: BR
1 < x-powered-by: Express
1 < x-served-by: cache-gig2250057-GIG
1 < x-cache: MISS
1 < x-cache-hits: 0
1 < x-timer: S1700530492.825345,VS0,VE286
1 < vary: Accept-Encoding,cookie,need-authorization, x-fh-requested-host, accept-encoding
1 < alt-svc: h3=":443"; ma=86400
1 < CF-Cache-Status: MISS
1 < Accept-Ranges: bytes
1 < Report-To: {"endpoints":[{"url":"https:\/\/a.nel.cloudflare.com\/report\/v3?s=VZacpb3uduiLRt6JyDPi6ThZFE4IOCyZ2BCvOQJ%2Ft9qdI%2BW%2B6GtglEAC7lU2rhkdDh%2F3sUHrD%2BBg58hmephglUlu0rNLun75416F%2BqII13LSEhgngQ0EMxpWvTKR"}],"group":"cf-nel","max_age":604800}
1 < NEL: {"success_fraction":0,"report_to":"cf-nel","max_age":604800}
1 < Server: cloudflare
1 < CF-RAY: 82953155cdd62634-GIG
{"effect_entries":[{"short_effect":"Verwandelt sich beim Betreten des Kampfes in den Gegner.","effect":"Pokémon mit dieser Fähigkeit kopieren einen zufälligen Gegner. Der Effekt ist identisch mit transform.","language":{"name":"de","url":"https:\/\/pokeapi.co\/api\/v2\/language\/6\/"}},{"short_effect":"Transforms upon entering battle.","effect":"This Pokémon transforms into a random opponent upon entering battle.  This effect is identical to the move transform.","language":{"name":"en","url":"https:\/\/pokeapi.co\/api\/v2\/language\/9\/"}}],"generation":{"name":"generation-v","url":"https:\/\/pokeapi.co\/api\/v2\/generation\/5\/"},"is_main_series":true,"names":[{"name":"?????","language":{"name":"ja-Hrkt","url":"https:\/\/pokeapi.co\/api\/v2\/language\/1\/"}},{"name":"??","language":{"name":"ko","url":"https:\/\/pokeapi.co\/api\/v2\/language\/3\/"}},{"name":"???","language":{"name":"zh-Hant","url":"https:\/\/pokeapi.co\/api\/v2\/language\/4\/"}},{"name":"Imposteur","language":{"name":"fr","url":"https:\/\/pokeapi.co\/api\/v2\/language\/5\/"}},{"name":"Doppelgänger","language":{"name":"de","url":"https:\/\/pokeapi.co\/api\/v2\/language\/6\/"}},{"name":"Impostor","language":{"name":"es","url":"https:\/\/pokeapi.co\/api\/v2\/language\/7\/"}},{"name":"Sosia","language":{"name":"it","url":"https:\/\/pokeapi.co\/api\/v2\/language\/8\/"}},{"name":"Imposter","language":{"name":"en","url":"https:\/\/pokeapi.co\/api\/v2\/language\/9\/"}},{"name":"?????","language":{"name":"ja","url":"https:\/\/pokeapi.co\/api\/v2\/language\/11\/"}},{"name":"???","language":{"name":"zh-Hans","url":"https:\/\/pokeapi.co\/api\/v2\/language\/12\/"}}],"pokemon":[{"pokemon":{"name":"ditto","url":"https:\/\/pokeapi.co\/api\/v2\/pokemon\/132\/"},"is_hidden":true,"slot":3}],"flavor_text_entries":[{"version_group":{"name":"black-white","url":"https:\/\/pokeapi.co\/api\/v2\/version-group\/11\/"},"language":{"name":"fr","url":"https:\/\/pokeapi.co\/api\/v2\/language\/5\/"},"flavor_text":"Adopte l\u2019apparence du\nPokémon adverse."},{"version_group":{"name":"black-white","url":"https:\/\/pokeapi.co\/api\/v2\/version-group\/11\/"},"language":{"name":"en","url":"https:\/\/pokeapi.co\/api\/v2\/language\/9\/"},"flavor_text":"It transforms itself into\nthe Pokémon it is facing."},{"version_group":{"name":"black-2-white-2","url":"https:\/\/pokeapi.co\/api\/v2\/version-group\/14\/"},"language":{"name":"en","url":"https:\/\/pokeapi.co\/api\/v2\/language\/9\/"},"flavor_text":"It transforms itself into\nthe Pokémon it is facing."},{"version_group":{"name":"x-y","url":"https:\/\/pokeapi.co\/api\/v2\/version-group\/15\/"},"language":{"name":"ja-Hrkt","url":"https:\/\/pokeapi.co\/api\/v2\/language\/1\/"},"flavor_text":"???????????\n???????????"},{"version_group":{"name":"x-y","url":"https:\/\/pokeapi.co\/api\/v2\/version-group\/15\/"},"language":{"name":"ko","url":"https:\/\/pokeapi.co\/api\/v2\/language\/3\/"},"flavor_text":"??? ?????\n??????."},{"version_group":{"name":"x-y","url":"https:\/\/pokeapi.co\/api\/v2\/version-group\/15\/"},"language":{"name":"fr","url":"https:\/\/pokeapi.co\/api\/v2\/language\/5\/"},"flavor_text":"Adopte l\u2019apparence du Pokémon\nadverse."},{"version_group":{"name":"x-y","url":"https:\/\/pokeapi.co\/api\/v2\/version-group\/15\/"},"language":{"name":"de","url":"https:\/\/pokeapi.co\/api\/v2\/language\/6\/"},"flavor_text":"Kämpft als Kopie seines\nGegenübers."},{"version_group":{"name":"x-y","url":"https:\/\/pokeapi.co\/api\/v2\/version-group\/15\/"},"language":{"name":"es","url":"https:\/\/pokeapi.co\/api\/v2\/language\/7\/"},"flavor_text":"Se transforma en el Pokémon que\ntiene enfrente."},{"version_group":{"name":"x-y","url":"https:\/\/pokeapi.co\/api\/v2\/version-group\/15\/"},"language":{"name":"it","url":"https:\/\/pokeapi.co\/api\/v2\/language\/8\/"},"flavor_text":"Si trasforma nel Pokémon che ha\ndavanti."},{"version_group":{"name":"x-y","url":"https:\/\/pokeapi.co\/api\/v2\/version-group\/15\/"},"language":{"name":"en","url":"https:\/\/pokeapi.co\/api\/v2\/language\/9\/"},"flavor_text":"The Pokémon transforms itself\ninto the Pokémon it\u2019s facing."},{"version_group":{"name":"x-y","url":"https:\/\/pokeapi.co\/api\/v2\/version-group\/15\/"},"language":{"name":"ja","url":"https:\/\/pokeapi.co\/api\/v2\/language\/11\/"},"flavor_text":"??????????\n????????"},{"version_group":{"name":"omega-ruby-alpha-sapphire","url":"https:\/\/pokeapi.co\/api\/v2\/version-group\/16\/"},"language":{"name":"ja-Hrkt","url":"https:\/\/pokeapi.co\/api\/v2\/language\/1\/"},"flavor_text":"???????????\n???????????"},{"version_group":{"name":"omega-ruby-alpha-sapphire","url":"https:\/\/pokeapi.co\/api\/v2\/version-group\/16\/"},"language":{"name":"ko","url":"https:\/\/pokeapi.co\/api\/v2\/language\/3\/"},"flavor_text":"??? ?????\n??????."},{"version_group":{"name":"omega-ruby-alpha-sapphire","url":"https:\/\/pokeapi.co\/api\/v2\/version-group\/16\/"},"language":{"name":"fr","url":"https:\/\/pokeapi.co\/api\/v2\/language\/5\/"},"flavor_text":"Adopte l\u2019apparence du Pokémon\nadverse."},{"version_group":{"name":"omega-ruby-alpha-sapphire","url":"https:\/\/pokeapi.co\/api\/v2\/version-group\/16\/"},"language":{"name":"de","url":"https:\/\/pokeapi.co\/api\/v2\/language\/6\/"},"flavor_text":"Kämpft als Kopie seines\nGegenübers."},{"version_group":{"name":"omega-ruby-alpha-sapphire","url":"https:\/\/pokeapi.co\/api\/v2\/version-group\/16\/"},"language":{"name":"es","url":"https:\/\/pokeapi.co\/api\/v2\/language\/7\/"},"flavor_text":"Se transforma en el Pokémon que\ntiene enfrente."},{"version_group":{"name":"omega-ruby-alpha-sapphire","url":"https:\/\/pokeapi.co\/api\/v2\/version-group\/16\/"},"language":{"name":"it","url":"https:\/\/pokeapi.co\/api\/v2\/language\/8\/"},"flavor_text":"Si trasforma nel Pokémon che ha\ndavanti."},{"version_group":{"name":"omega-ruby-alpha-sapphire","url":"https:\/\/pokeapi.co\/api\/v2\/version-group\/16\/"},"language":{"name":"en","url":"https:\/\/pokeapi.co\/api\/v2\/language\/9\/"},"flavor_text":"The Pokémon transforms itself\ninto the Pokémon it\u2019s facing."},{"version_group":{"name":"omega-ruby-alpha-sapphire","url":"https:\/\/pokeapi.co\/api\/v2\/version-group\/16\/"},"language":{"name":"ja","url":"https:\/\/pokeapi.co\/api\/v2\/language\/11\/"},"flavor_text":"??????????\n????????"},{"version_group":{"name":"sun-moon","url":"https:\/\/pokeapi.co\/api\/v2\/version-group\/17\/"},"language":{"name":"ja-Hrkt","url":"https:\/\/pokeapi.co\/api\/v2\/language\/1\/"},"flavor_text":"???????????\n???????????"},{"version_group":{"name":"sun-moon","url":"https:\/\/pokeapi.co\/api\/v2\/version-group\/17\/"},"language":{"name":"ko","url":"https:\/\/pokeapi.co\/api\/v2\/language\/3\/"},"flavor_text":"??? ?????\n??????."},{"version_group":{"name":"sun-moon","url":"https:\/\/pokeapi.co\/api\/v2\/version-group\/17\/"},"language":{"name":"zh-Hant","url":"https:\/\/pokeapi.co\/api\/v2\/language\/4\/"},"flavor_text":"????????????"},{"version_group":{"name":"sun-moon","url":"https:\/\/pokeapi.co\/api\/v2\/version-group\/17\/"},"language":{"name":"fr","url":"https:\/\/pokeapi.co\/api\/v2\/language\/5\/"},"flavor_text":"Donne l\u2019apparence du Pokémon adverse."},{"version_group":{"name":"sun-moon","url":"https:\/\/pokeapi.co\/api\/v2\/version-group\/17\/"},"language":{"name":"de","url":"https:\/\/pokeapi.co\/api\/v2\/language\/6\/"},"flavor_text":"Kämpft als Kopie seines Gegenübers."},{"version_group":{"name":"sun-moon","url":"https:\/\/pokeapi.co\/api\/v2\/version-group\/17\/"},"language":{"name":"es","url":"https:\/\/pokeapi.co\/api\/v2\/language\/7\/"},"flavor_text":"El Pokémon se transforma en el que tiene enfrente."},{"version_group":{"name":"sun-moon","url":"https:\/\/pokeapi.co\/api\/v2\/version-group\/17\/"},"language":{"name":"it","url":"https:\/\/pokeapi.co\/api\/v2\/language\/8\/"},"flavor_text":"Il Pokémon si trasforma nel nemico che ha davanti."},{"version_group":{"name":"sun-moon","url":"https:\/\/pokeapi.co\/api\/v2\/version-group\/17\/"},"language":{"name":"en","url":"https:\/\/pokeapi.co\/api\/v2\/language\/9\/"},"flavor_text":"The Pokémon transforms itself into the Pokémon\nit\u2019s facing."},{"version_group":{"name":"sun-moon","url":"https:\/\/pokeapi.co\/api\/v2\/version-group\/17\/"},"language":{"name":"ja","url":"https:\/\/pokeapi.co\/api\/v2\/language\/11\/"},"flavor_text":"??????????\n?????????"},{"version_group":{"name":"sun-moon","url":"https:\/\/pokeapi.co\/api\/v2\/version-group\/17\/"},"language":{"name":"zh-Hans","url":"https:\/\/pokeapi.co\/api\/v2\/language\/12\/"},"flavor_text":"????????????"},{"version_group":{"name":"ultra-sun-ultra-moon","url":"https:\/\/pokeapi.co\/api\/v2\/version-group\/18\/"},"language":{"name":"ja-Hrkt","url":"https:\/\/pokeapi.co\/api\/v2\/language\/1\/"},"flavor_text":"???????????\n???????????"},{"version_group":{"name":"ultra-sun-ultra-moon","url":"https:\/\/pokeapi.co\/api\/v2\/version-group\/18\/"},"language":{"name":"ko","url":"https:\/\/pokeapi.co\/api\/v2\/language\/3\/"},"flavor_text":"??? ?????\n??????."},{"version_group":{"name":"ultra-sun-ultra-moon","url":"https:\/\/pokeapi.co\/api\/v2\/version-group\/18\/"},"language":{"name":"zh-Hant","url":"https:\/\/pokeapi.co\/api\/v2\/language\/4\/"},"flavor_text":"????????????"},{"version_group":{"name":"ultra-sun-ultra-moon","url":"https:\/\/pokeapi.co\/api\/v2\/version-group\/18\/"},"language":{"name":"fr","url":"https:\/\/pokeapi.co\/api\/v2\/language\/5\/"},"flavor_text":"Donne l\u2019apparence du Pokémon adverse."},{"version_group":{"name":"ultra-sun-ultra-moon","url":"https:\/\/pokeapi.co\/api\/v2\/version-group\/18\/"},"language":{"name":"de","url":"https:\/\/pokeapi.co\/api\/v2\/language\/6\/"},"flavor_text":"Kämpft als Kopie seines Gegenübers."},{"version_group":{"name":"ultra-sun-ultra-moon","url":"https:\/\/pokeapi.co\/api\/v2\/version-group\/18\/"},"language":{"name":"es","url":"https:\/\/pokeapi.co\/api\/v2\/language\/7\/"},"flavor_text":"El Pokémon se transforma en el que tiene enfrente."},{"version_group":{"name":"ultra-sun-ultra-moon","url":"https:\/\/pokeapi.co\/api\/v2\/version-group\/18\/"},"language":{"name":"it","url":"https:\/\/pokeapi.co\/api\/v2\/language\/8\/"},"flavor_text":"Il Pokémon si trasforma nel nemico che ha davanti."},{"version_group":{"name":"ultra-sun-ultra-moon","url":"https:\/\/pokeapi.co\/api\/v2\/version-group\/18\/"},"language":{"name":"en","url":"https:\/\/pokeapi.co\/api\/v2\/language\/9\/"},"flavor_text":"The Pokémon transforms itself into the Pokémon\nit\u2019s facing."},{"version_group":{"name":"ultra-sun-ultra-moon","url":"https:\/\/pokeapi.co\/api\/v2\/version-group\/18\/"},"language":{"name":"ja","url":"https:\/\/pokeapi.co\/api\/v2\/language\/11\/"},"flavor_text":"??????????\n?????????"},{"version_group":{"name":"ultra-sun-ultra-moon","url":"https:\/\/pokeapi.co\/api\/v2\/version-group\/18\/"},"language":{"name":"zh-Hans","url":"https:\/\/pokeapi.co\/api\/v2\/language\/12\/"},"flavor_text":"????????????"},{"version_group":{"name":"lets-go-pikachu-lets-go-eevee","url":"https:\/\/pokeapi.co\/api\/v2\/version-group\/19\/"},"language":{"name":"ja-Hrkt","url":"https:\/\/pokeapi.co\/api\/v2\/language\/1\/"},"flavor_text":"???????????\n???????????"},{"version_group":{"name":"lets-go-pikachu-lets-go-eevee","url":"https:\/\/pokeapi.co\/api\/v2\/version-group\/19\/"},"language":{"name":"ko","url":"https:\/\/pokeapi.co\/api\/v2\/language\/3\/"},"flavor_text":"??? ?????\n??????."},{"version_group":{"name":"lets-go-pikachu-lets-go-eevee","url":"https:\/\/pokeapi.co\/api\/v2\/version-group\/19\/"},"language":{"name":"zh-Hant","url":"https:\/\/pokeapi.co\/api\/v2\/language\/4\/"},"flavor_text":"????????????"},{"version_group":{"name":"lets-go-pikachu-lets-go-eevee","url":"https:\/\/pokeapi.co\/api\/v2\/version-group\/19\/"},"language":{"name":"fr","url":"https:\/\/pokeapi.co\/api\/v2\/language\/5\/"},"flavor_text":"Donne l\u2019apparence du Pokémon adverse."},{"version_group":{"name":"lets-go-pikachu-lets-go-eevee","url":"https:\/\/pokeapi.co\/api\/v2\/version-group\/19\/"},"language":{"name":"de","url":"https:\/\/pokeapi.co\/api\/v2\/language\/6\/"},"flavor_text":"Kämpft als Kopie seines Gegenübers."},{"version_group":{"name":"lets-go-pikachu-lets-go-eevee","url":"https:\/\/pokeapi.co\/api\/v2\/version-group\/19\/"},"language":{"name":"es","url":"https:\/\/pokeapi.co\/api\/v2\/language\/7\/"},"flavor_text":"El Pokémon se transforma en el que tiene enfrente."},{"version_group":{"name":"lets-go-pikachu-lets-go-eevee","url":"https:\/\/pokeapi.co\/api\/v2\/version-group\/19\/"},"language":{"name":"it","url":"https:\/\/pokeapi.co\/api\/v2\/language\/8\/"},"flavor_text":"Il Pokémon si trasforma nel nemico che ha davanti."},{"version_group":{"name":"lets-go-pikachu-lets-go-eevee","url":"https:\/\/pokeapi.co\/api\/v2\/version-group\/19\/"},"language":{"name":"en","url":"https:\/\/pokeapi.co\/api\/v2\/language\/9\/"},"flavor_text":"The Pokémon transforms itself into the Pokémon\nit\u2019s facing."},{"version_group":{"name":"lets-go-pikachu-lets-go-eevee","url":"https:\/\/pokeapi.co\/api\/v2\/version-group\/19\/"},"language":{"name":"ja","url":"https:\/\/pokeapi.co\/api\/v2\/language\/11\/"},"flavor_text":"??????????\n?????????"},{"version_group":{"name":"lets-go-pikachu-lets-go-eevee","url":"https:\/\/pokeapi.co\/api\/v2\/version-group\/19\/"},"language":{"name":"zh-Hans","url":"https:\/\/pokeapi.co\/api\/v2\/language\/12\/"},"flavor_text":"????????????"},{"version_group":{"name":"sword-shield","url":"https:\/\/pokeapi.co\/api\/v2\/version-group\/20\/"},"language":{"name":"ja-Hrkt","url":"https:\/\/pokeapi.co\/api\/v2\/language\/1\/"},"flavor_text":"???????????\n???????????"},{"version_group":{"name":"sword-shield","url":"https:\/\/pokeapi.co\/api\/v2\/version-group\/20\/"},"language":{"name":"ko","url":"https:\/\/pokeapi.co\/api\/v2\/language\/3\/"},"flavor_text":"??? ?????\n??????."},{"version_group":{"name":"sword-shield","url":"https:\/\/pokeapi.co\/api\/v2\/version-group\/20\/"},"language":{"name":"zh-Hant","url":"https:\/\/pokeapi.co\/api\/v2\/language\/4\/"},"flavor_text":"????????????"},{"version_group":{"name":"sword-shield","url":"https:\/\/pokeapi.co\/api\/v2\/version-group\/20\/"},"language":{"name":"fr","url":"https:\/\/pokeapi.co\/api\/v2\/language\/5\/"},"flavor_text":"Le Pokémon prend l\u2019apparence du Pokémon adverse."},{"version_group":{"name":"sword-shield","url":"https:\/\/pokeapi.co\/api\/v2\/version-group\/20\/"},"language":{"name":"de","url":"https:\/\/pokeapi.co\/api\/v2\/language\/6\/"},"flavor_text":"Kämpft als Kopie seines Gegenübers."},{"version_group":{"name":"sword-shield","url":"https:\/\/pokeapi.co\/api\/v2\/version-group\/20\/"},"language":{"name":"es","url":"https:\/\/pokeapi.co\/api\/v2\/language\/7\/"},"flavor_text":"Se transforma en el Pokémon que tiene enfrente."},{"version_group":{"name":"sword-shield","url":"https:\/\/pokeapi.co\/api\/v2\/version-group\/20\/"},"language":{"name":"it","url":"https:\/\/pokeapi.co\/api\/v2\/language\/8\/"},"flavor_text":"Il Pokémon si trasforma nel nemico che ha davanti."},{"version_group":{"name":"sword-shield","url":"https:\/\/pokeapi.co\/api\/v2\/version-group\/20\/"},"language":{"name":"en","url":"https:\/\/pokeapi.co\/api\/v2\/language\/9\/"},"flavor_text":"The Pokémon transforms itself into the Pokémon\nit\u2019s facing."},{"version_group":{"name":"sword-shield","url":"https:\/\/pokeapi.co\/api\/v2\/version-group\/20\/"},"language":{"name":"ja","url":"https:\/\/pokeapi.co\/api\/v2\/language\/11\/"},"flavor_text":"??????????\n?????????"},{"version_group":{"name":"sword-shield","url":"https:\/\/pokeapi.co\/api\/v2\/version-group\/20\/"},"language":{"name":"zh-Hans","url":"https:\/\/pokeapi.co\/api\/v2\/language\/12\/"},"flavor_text":"????????????"}],"name":"imposter","id":150,"effect_changes":[]}
22:34:51.478 [main] ERROR com.intuit.karate - classpath:aula_karate/pokemon/pokemon.feature:55
And match response.effect == "This Pokémon transforms into a random opponent upon entering battle. This effect is identical to the move transform."
match failed: EQUALS
  $ | actual path does not exist (STRING:STRING)
  '#notpresent'
  'This Pokémon transforms into a random opponent upon entering battle. This effect is identical to the move transform.'

classpath:aula_karate/pokemon/pokemon.feature:55
---------------------------------------------------------
feature: classpath:aula_karate/pokemon/pokemon.feature
scenarios:  6 | passed:  4 | failed:  2 | time: 5,5437
---------------------------------------------------------

Karate version: 1.0.1
======================================================
elapsed:   8,42 | threads:    1 | thread time: 5,54 
features:     1 | skipped:    0 | efficiency: 0,66
scenarios:    6 | passed:     4 | failed: 2
======================================================
>>> failed features:
>>>> js failed:
01: karate.log('[print]',idioma)
<<<<
org.graalvm.polyglot.PolyglotException: ReferenceError: "idioma" is not defined
- <js>.:program(Unnamed:1)

classpath:aula_karate/pokemon/pokemon.feature:43
match failed: EQUALS
  $ | actual path does not exist (STRING:STRING)
  '#notpresent'
  'This Pokémon transforms into a random opponent upon entering battle. This effect is identical to the move transform.'

classpath:aula_karate/pokemon/pokemon.feature:55
<<<

HTML report: (paste into browser to view) | Karate version: 1.0.1
file:///C:/Users/spide/VsCode/S206/S206-L1/aula_inatel/target/karate-reports/karate-summary.html
===================================================================

]]></system-out>
  </testcase>
</testsuite>